<?xml version="1.0" encoding="UTF-8"?>
<testsuite xmlns:xsi="http://www.w3.org/2001/XMLSchema-instance" xsi:noNamespaceSchemaLocation="https://maven.apache.org/surefire/maven-surefire-plugin/xsd/surefire-test-report-3.0.xsd" version="3.0" name="TestSuite" time="10.408" tests="2" errors="0" skipped="0" failures="0">
  <properties>
[...]
</properties>
  <testcase name="tc01_validateJSONFormat" classname="org.relayrApiTests.TestBoredAPI" time="4.032"/>
  <testcase name="tc02_validateParticipantCountResults" classname="org.relayrApiTests.TestBoredAPI" time="4.733"/>
</testsuite>