<?xml version="1.0" encoding="UTF-8"?>
<testng-results ignored="0" total="2" passed="2" failed="0" skipped="0">
  <reporter-output>
  </reporter-output>
  <suite started-at="2021-07-18T00:49:20 IST" name="API test suite" finished-at="2021-07-18T00:49:30 IST" duration-ms="10633">
    <groups>
    </groups>
    <test started-at="2021-07-18T00:49:20 IST" name="Functional tests" finished-at="2021-07-18T00:49:30 IST" duration-ms="10633">
      <class name="org.relayrApiTests.TestBoredAPI">
        <test-method is-config="true" signature="setExtent()[pri:0, instance:org.relayrApiTests.TestBoredAPI@306cf3ea]" started-at="2021-07-18T00:49:20 IST" name="setExtent" finished-at="2021-07-18T00:49:20 IST" duration-ms="217" status="PASS">
          <reporter-output>
          </reporter-output>
        </test-method> <!-- setExtent -->
        <test-method is-config="true" signature="setup(java.lang.reflect.Method)[pri:0, instance:org.relayrApiTests.TestBoredAPI@306cf3ea]" started-at="2021-07-18T00:49:20 IST" name="setup" finished-at="2021-07-18T00:49:20 IST" duration-ms="7" status="PASS">
          <params>
            <param index="0">
              <value>
                <![CDATA[public void org.relayrApiTests.TestBoredAPI.tc01_validateJSONFormat()]]>
              </value>
            </param>
          </params>
          <reporter-output>
          </reporter-output>
        </test-method> <!-- setup -->
        <test-method signature="tc01_validateJSONFormat()[pri:0, instance:org.relayrApiTests.TestBoredAPI@306cf3ea]" started-at="2021-07-18T00:49:20 IST" name="tc01_validateJSONFormat" finished-at="2021-07-18T00:49:26 IST" duration-ms="5516" status="PASS">
          <reporter-output>
          </reporter-output>
        </test-method> <!-- tc01_validateJSONFormat -->
        <test-method signature="tc02_validateParticipantCountResults()[pri:0, instance:org.relayrApiTests.TestBoredAPI@306cf3ea]" started-at="2021-07-18T00:49:26 IST" name="tc02_validateParticipantCountResults" finished-at="2021-07-18T00:49:30 IST" duration-ms="4367" status="PASS">
          <reporter-output>
          </reporter-output>
        </test-method> <!-- tc02_validateParticipantCountResults -->
        <test-method is-config="true" signature="setup(java.lang.reflect.Method)[pri:0, instance:org.relayrApiTests.TestBoredAPI@306cf3ea]" started-at="2021-07-18T00:49:26 IST" name="setup" finished-at="2021-07-18T00:49:26 IST" duration-ms="0" status="PASS">
          <params>
            <param index="0">
              <value>
                <![CDATA[public void org.relayrApiTests.TestBoredAPI.tc02_validateParticipantCountResults()]]>
              </value>
            </param>
          </params>
          <reporter-output>
          </reporter-output>
        </test-method> <!-- setup -->
        <test-method is-config="true" signature="endReport()[pri:0, instance:org.relayrApiTests.TestBoredAPI@306cf3ea]" started-at="2021-07-18T00:49:30 IST" name="endReport" finished-at="2021-07-18T00:49:30 IST" duration-ms="482" status="PASS">
          <reporter-output>
          </reporter-output>
        </test-method> <!-- endReport -->
      </class> <!-- org.relayrApiTests.TestBoredAPI -->
    </test> <!-- Functional tests -->
  </suite> <!-- API test suite -->
</testng-results>
