<?xml version="1.0" encoding="UTF-8"?>
<!-- Generated by org.testng.reporters.JUnitXMLReporter -->
<testsuite ignored="0" hostname="USHYDKRISHNAS6" failures="0" tests="2" name="Functional tests" time="10.633" errors="0" timestamp="2021-07-18T00:49:30 IST">
  <testcase classname="org.relayrApiTests.TestBoredAPI" name="tc01_validateJSONFormat" time="5.516"/>
  <testcase classname="org.relayrApiTests.TestBoredAPI" name="tc02_validateParticipantCountResults" time="4.367"/>
</testsuite> <!-- Functional tests -->
