<?xml version="1.0" encoding="UTF-8"?>
<!-- Generated by org.testng.reporters.JUnitXMLReporter -->
<testsuite ignored="0" hostname="USHYDKRISHNAS6" failures="0" tests="2" name="Functional tests" time="9.323" errors="0" timestamp="2021-07-18T01:15:51 IST">
  <testcase classname="org.relayrApiTests.TestBoredAPI" name="tc01_validateJSONFormat" time="4.03"/>
  <testcase classname="org.relayrApiTests.TestBoredAPI" name="tc02_validateParticipantCountResults" time="4.736"/>
</testsuite> <!-- Functional tests -->
